<?xml version="1.0" encoding="UTF-8"?>
<!-- Generated by org.testng.reporters.JUnitXMLReporter -->
<testsuite hostname="Administrator" name="Test" tests="6" failures="2" timestamp="20 Dec 2018 07:51:11 GMT" time="0.116" errors="0">
  <testcase name="method3" time="0.032" classname="SeleniumDemoPackage.BatchFileTest2"/>
  <testcase name="method2" time="0.003" classname="SeleniumDemoPackage.BatchFileTest2">
    <failure type="org.junit.ComparisonFailure" message="expected:&amp;lt;S[AZZ]&amp;gt; but was:&amp;lt;S[ONAL]&amp;gt;">
      <![CDATA[org.junit.ComparisonFailure: expected:<S[AZZ]> but was:<S[ONAL]>
	at org.junit.Assert.assertEquals(Assert.java:115)
	at org.junit.Assert.assertEquals(Assert.java:144)
	at SeleniumDemoPackage.BatchFileTest2.method2(BatchFileTest2.java:22)
... Removed 24 stack frames]]>
    </failure>
  </testcase> <!-- method2 -->
  <testcase name="method1" time="0.0" classname="SeleniumDemoPackage.BatchFileTest2">
    <failure type="org.junit.ComparisonFailure" message="expected:&amp;lt;S[AZZ]&amp;gt; but was:&amp;lt;S[ONAL]&amp;gt;">
      <![CDATA[org.junit.ComparisonFailure: expected:<S[AZZ]> but was:<S[ONAL]>
	at org.junit.Assert.assertEquals(Assert.java:115)
	at org.junit.Assert.assertEquals(Assert.java:144)
	at SeleniumDemoPackage.BatchFileTest2.method1(BatchFileTest2.java:16)
... Removed 24 stack frames]]>
    </failure>
  </testcase> <!-- method1 -->
  <testcase name="testcase2" time="0.014" classname="SeleniumDemoPackage.BatchFileTest">
    <skipped/>
  </testcase> <!-- testcase2 -->
  <testcase name="testcase1" time="0.0" classname="SeleniumDemoPackage.BatchFileTest"/>
  <testcase name="testcase3" time="0.0" classname="SeleniumDemoPackage.BatchFileTest">
    <skipped/>
  </testcase> <!-- testcase3 -->
</testsuite> <!-- Test -->
